Jun 24, 2015 11:58:38 AM ui.MainView <init>
INFO: Start up of the program
Jun 24, 2015 11:58:41 AM ui.MainView actionPerformed
INFO: Click on the buttom start application
Jun 24, 2015 11:58:41 AM ui.ChooseDataSourceView actionPerformed
INFO: Click on the buttom CSV, choice of CSV database
Jun 24, 2015 3:19:32 PM ui.MainView <init>
INFO: Start up of the program
Jun 24, 2015 3:19:33 PM ui.MainView actionPerformed
INFO: Click on the buttom start application
Jun 24, 2015 3:19:34 PM ui.ChooseDataSourceView actionPerformed
INFO: Click on the buttom CSV, choice of CSV database
Jun 25, 2015 9:13:13 AM ui.MainView <init>
INFO: Start up of the program
Jun 25, 2015 9:13:15 AM ui.MainView actionPerformed
INFO: Click on the buttom start application
Jun 25, 2015 9:13:16 AM ui.ChooseDataSourceView actionPerformed
INFO: Click on the buttom CSV, choice of CSV database
Jun 25, 2015 9:14:58 AM ui.MainView <init>
INFO: Start up of the program
Jun 25, 2015 9:14:59 AM ui.MainView actionPerformed
INFO: Click on the buttom start application
Jun 25, 2015 9:15:00 AM ui.ChooseDataSourceView actionPerformed
INFO: Click on the buttom CSV, choice of CSV database
Jun 25, 2015 9:32:43 AM ui.MainView <init>
INFO: Start up of the program
Jun 25, 2015 9:32:45 AM ui.MainView actionPerformed
INFO: Click on the buttom start application
Jun 25, 2015 9:33:05 AM ui.ChooseDataSourceView actionPerformed
INFO: Click on the buttom CSV, choice of CSV database
Jun 25, 2015 9:35:49 AM ui.MainView <init>
INFO: Start up of the program
Jun 25, 2015 9:35:51 AM ui.MainView actionPerformed
INFO: Click on the buttom start application
Jun 25, 2015 9:35:52 AM ui.ChooseDataSourceView actionPerformed
INFO: Click on the buttom CSV, choice of CSV database
Jun 25, 2015 10:03:25 AM ui.MainView <init>
INFO: Start up of the program
Jun 25, 2015 1:26:08 PM ui.MainView <init>
INFO: Start up of the program
Jun 25, 2015 1:26:12 PM ui.MainView actionPerformed
INFO: Click on the buttom start application
Jun 25, 2015 1:26:13 PM ui.ChooseDataSourceView actionPerformed
INFO: Click on the buttom CSV, choice of CSV database
Jun 25, 2015 1:31:53 PM ui.MainView <init>
INFO: Start up of the program
Jun 25, 2015 1:31:55 PM ui.MainView actionPerformed
INFO: Click on the buttom start application
Jun 25, 2015 1:31:56 PM ui.ChooseDataSourceView actionPerformed
INFO: Click on the buttom CSV, choice of CSV database
Jun 25, 2015 1:41:14 PM ui.MainView <init>
INFO: Start up of the program
Jun 25, 2015 1:41:16 PM ui.MainView actionPerformed
INFO: Click on the buttom start application
Jun 25, 2015 1:41:17 PM ui.ChooseDataSourceView actionPerformed
INFO: Click on the buttom CSV, choice of CSV database
Jun 25, 2015 1:42:43 PM ui.MainView <init>
INFO: Start up of the program
Jun 25, 2015 1:42:45 PM ui.MainView actionPerformed
INFO: Click on the buttom start application
Jun 25, 2015 1:42:46 PM ui.ChooseDataSourceView actionPerformed
INFO: Click on the buttom CSV, choice of CSV database
Jun 25, 2015 1:44:52 PM ui.MainView <init>
INFO: Start up of the program
Jun 25, 2015 1:44:54 PM ui.MainView actionPerformed
INFO: Click on the buttom start application
Jun 25, 2015 1:44:55 PM ui.ChooseDataSourceView actionPerformed
INFO: Click on the buttom CSV, choice of CSV database
Jun 25, 2015 1:48:10 PM ui.MainView <init>
INFO: Start up of the program
Jun 25, 2015 1:48:11 PM ui.MainView actionPerformed
INFO: Click on the buttom start application
Jun 25, 2015 1:48:12 PM ui.ChooseDataSourceView actionPerformed
INFO: Click on the buttom CSV, choice of CSV database
Jun 25, 2015 1:49:46 PM ui.MainView <init>
INFO: Start up of the program
Jun 25, 2015 1:49:47 PM ui.MainView actionPerformed
INFO: Click on the buttom start application
Jun 25, 2015 1:49:48 PM ui.ChooseDataSourceView actionPerformed
INFO: Click on the buttom CSV, choice of CSV database
Jun 25, 2015 1:51:04 PM ui.MainView <init>
INFO: Start up of the program
Jun 25, 2015 1:51:06 PM ui.MainView actionPerformed
INFO: Click on the buttom start application
Jun 25, 2015 1:51:06 PM ui.ChooseDataSourceView actionPerformed
INFO: Click on the buttom CSV, choice of CSV database
Jun 25, 2015 1:51:35 PM ui.MainView <init>
INFO: Start up of the program
Jun 25, 2015 1:51:36 PM ui.MainView actionPerformed
INFO: Click on the buttom start application
Jun 25, 2015 1:51:37 PM ui.ChooseDataSourceView actionPerformed
INFO: Click on the buttom CSV, choice of CSV database
